{"D:\\NamasteReact\\src\\components\\Accordian.js": {"path":"D:\\NamasteReact\\src\\components\\Accordian.js","statementMap":{"0":{"start":{"line":5,"column":18},"end":{"line":33,"column":1}},"1":{"start":{"line":6,"column":46},"end":{"line":6,"column":60}},"2":{"start":{"line":8,"column":33},"end":{"line":10,"column":5}},"3":{"start":{"line":9,"column":8},"end":{"line":9,"column":65}},"4":{"start":{"line":12,"column":4},"end":{"line":32,"column":6}},"5":{"start":{"line":24,"column":110},"end":{"line":24,"column":179}},"6":{"start":{"line":27,"column":110},"end":{"line":27,"column":241}},"7":{"start":{"line":27,"column":211},"end":{"line":27,"column":238}}},"fnMap":{"0":{"name":"(anonymous_0)","decl":{"start":{"line":5,"column":18},"end":{"line":5,"column":19}},"loc":{"start":{"line":5,"column":46},"end":{"line":33,"column":1}},"line":5},"1":{"name":"(anonymous_1)","decl":{"start":{"line":8,"column":33},"end":{"line":8,"column":34}},"loc":{"start":{"line":8,"column":44},"end":{"line":10,"column":5}},"line":8},"2":{"name":"(anonymous_2)","decl":{"start":{"line":24,"column":92},"end":{"line":24,"column":93}},"loc":{"start":{"line":24,"column":107},"end":{"line":24,"column":181}},"line":24},"3":{"name":"(anonymous_3)","decl":{"start":{"line":27,"column":93},"end":{"line":27,"column":94}},"loc":{"start":{"line":27,"column":108},"end":{"line":27,"column":243}},"line":27},"4":{"name":"(anonymous_4)","decl":{"start":{"line":27,"column":207},"end":{"line":27,"column":208}},"loc":{"start":{"line":27,"column":211},"end":{"line":27,"column":238}},"line":27}},"branchMap":{"0":{"loc":{"start":{"line":9,"column":25},"end":{"line":9,"column":63}},"type":"cond-expr","locations":[{"start":{"line":9,"column":51},"end":{"line":9,"column":55}},{"start":{"line":9,"column":58},"end":{"line":9,"column":63}}],"line":9},"1":{"loc":{"start":{"line":15,"column":51},"end":{"line":15,"column":126}},"type":"binary-expr","locations":[{"start":{"line":15,"column":51},"end":{"line":15,"column":86}},{"start":{"line":15,"column":90},"end":{"line":15,"column":126}}],"line":15},"2":{"loc":{"start":{"line":16,"column":25},"end":{"line":16,"column":38}},"type":"cond-expr","locations":[{"start":{"line":16,"column":29},"end":{"line":16,"column":33}},{"start":{"line":16,"column":34},"end":{"line":16,"column":38}}],"line":16},"3":{"loc":{"start":{"line":20,"column":12},"end":{"line":29,"column":22}},"type":"binary-expr","locations":[{"start":{"line":20,"column":13},"end":{"line":20,"column":16}},{"start":{"line":21,"column":16},"end":{"line":29,"column":22}}],"line":20},"4":{"loc":{"start":{"line":24,"column":26},"end":{"line":24,"column":182}},"type":"binary-expr","locations":[{"start":{"line":24,"column":26},"end":{"line":24,"column":53}},{"start":{"line":24,"column":58},"end":{"line":24,"column":182}}],"line":24},"5":{"loc":{"start":{"line":27,"column":26},"end":{"line":27,"column":244}},"type":"binary-expr","locations":[{"start":{"line":27,"column":26},"end":{"line":27,"column":54}},{"start":{"line":27,"column":59},"end":{"line":27,"column":244}}],"line":27}},"s":{"0":1,"1":38,"2":38,"3":0,"4":38,"5":11,"6":0,"7":0},"f":{"0":38,"1":0,"2":11,"3":0,"4":0},"b":{"0":[0,0],"1":[38,4],"2":[1,37],"3":[38,1],"4":[1,1],"5":[1,0]},"_coverageSchema":"1a1c01bbd47fc00a2c39e90264f33305004495a9","hash":"da38ee57bd10eba285277e844b8c358951262106"}
,"D:\\NamasteReact\\src\\components\\Body.js": {"path":"D:\\NamasteReact\\src\\components\\Body.js","statementMap":{"0":{"start":{"line":11,"column":17},"end":{"line":11,"column":56}},"1":{"start":{"line":11,"column":26},"end":{"line":11,"column":55}},"2":{"start":{"line":15,"column":13},"end":{"line":182,"column":1}},"3":{"start":{"line":16,"column":27},"end":{"line":16,"column":39}},"4":{"start":{"line":17,"column":56},"end":{"line":17,"column":80}},"5":{"start":{"line":18,"column":32},"end":{"line":18,"column":44}},"6":{"start":{"line":19,"column":34},"end":{"line":19,"column":49}},"7":{"start":{"line":20,"column":34},"end":{"line":20,"column":48}},"8":{"start":{"line":21,"column":28},"end":{"line":21,"column":39}},"9":{"start":{"line":23,"column":37},"end":{"line":25,"column":5}},"10":{"start":{"line":24,"column":12},"end":{"line":24,"column":92}},"11":{"start":{"line":24,"column":64},"end":{"line":24,"column":89}},"12":{"start":{"line":26,"column":25},"end":{"line":30,"column":5}},"13":{"start":{"line":27,"column":37},"end":{"line":27,"column":129}},"14":{"start":{"line":27,"column":67},"end":{"line":27,"column":128}},"15":{"start":{"line":28,"column":8},"end":{"line":28,"column":52}},"16":{"start":{"line":31,"column":4},"end":{"line":33,"column":24}},"17":{"start":{"line":32,"column":8},"end":{"line":32,"column":45}},"18":{"start":{"line":148,"column":25},"end":{"line":148,"column":42}},"19":{"start":{"line":149,"column":4},"end":{"line":154,"column":7}},"20":{"start":{"line":149,"column":23},"end":{"line":154,"column":6}},"21":{"start":{"line":156,"column":19},"end":{"line":156,"column":42}},"22":{"start":{"line":157,"column":40},"end":{"line":157,"column":63}},"23":{"start":{"line":158,"column":4},"end":{"line":160,"column":5}},"24":{"start":{"line":159,"column":8},"end":{"line":159,"column":25}},"25":{"start":{"line":161,"column":4},"end":{"line":181,"column":6}},"26":{"start":{"line":164,"column":186},"end":{"line":164,"column":212}},"27":{"start":{"line":164,"column":213},"end":{"line":164,"column":228}},"28":{"start":{"line":168,"column":71},"end":{"line":168,"column":98}},"29":{"start":{"line":173,"column":20},"end":{"line":176,"column":22}}},"fnMap":{"0":{"name":"(anonymous_0)","decl":{"start":{"line":11,"column":22},"end":{"line":11,"column":23}},"loc":{"start":{"line":11,"column":26},"end":{"line":11,"column":55}},"line":11},"1":{"name":"(anonymous_1)","decl":{"start":{"line":15,"column":13},"end":{"line":15,"column":14}},"loc":{"start":{"line":15,"column":17},"end":{"line":182,"column":1}},"line":15},"2":{"name":"(anonymous_2)","decl":{"start":{"line":23,"column":37},"end":{"line":23,"column":38}},"loc":{"start":{"line":23,"column":41},"end":{"line":25,"column":5}},"line":23},"3":{"name":"(anonymous_3)","decl":{"start":{"line":24,"column":57},"end":{"line":24,"column":58}},"loc":{"start":{"line":24,"column":64},"end":{"line":24,"column":89}},"line":24},"4":{"name":"(anonymous_4)","decl":{"start":{"line":26,"column":25},"end":{"line":26,"column":26}},"loc":{"start":{"line":26,"column":30},"end":{"line":30,"column":5}},"line":26},"5":{"name":"(anonymous_5)","decl":{"start":{"line":27,"column":59},"end":{"line":27,"column":60}},"loc":{"start":{"line":27,"column":67},"end":{"line":27,"column":128}},"line":27},"6":{"name":"(anonymous_6)","decl":{"start":{"line":31,"column":14},"end":{"line":31,"column":15}},"loc":{"start":{"line":31,"column":18},"end":{"line":33,"column":5}},"line":31},"7":{"name":"(anonymous_7)","decl":{"start":{"line":164,"column":180},"end":{"line":164,"column":181}},"loc":{"start":{"line":164,"column":185},"end":{"line":164,"column":231}},"line":164},"8":{"name":"(anonymous_8)","decl":{"start":{"line":168,"column":66},"end":{"line":168,"column":67}},"loc":{"start":{"line":168,"column":71},"end":{"line":168,"column":98}},"line":168},"9":{"name":"(anonymous_9)","decl":{"start":{"line":172,"column":41},"end":{"line":172,"column":42}},"loc":{"start":{"line":172,"column":48},"end":{"line":177,"column":17}},"line":172}},"branchMap":{"0":{"loc":{"start":{"line":149,"column":4},"end":{"line":154,"column":7}},"type":"if","locations":[{"start":{"line":149,"column":4},"end":{"line":154,"column":7}},{"start":{},"end":{}}],"line":149},"1":{"loc":{"start":{"line":158,"column":4},"end":{"line":160,"column":5}},"type":"if","locations":[{"start":{"line":158,"column":4},"end":{"line":160,"column":5}},{"start":{},"end":{}}],"line":158},"2":{"loc":{"start":{"line":175,"column":82},"end":{"line":175,"column":152}},"type":"cond-expr","locations":[{"start":{"line":175,"column":99},"end":{"line":175,"column":123}},{"start":{"line":175,"column":127},"end":{"line":175,"column":152}}],"line":175},"3":{"loc":{"start":{"line":178,"column":17},"end":{"line":178,"column":45}},"type":"binary-expr","locations":[{"start":{"line":178,"column":17},"end":{"line":178,"column":24}},{"start":{"line":178,"column":28},"end":{"line":178,"column":45}}],"line":178}},"s":{"0":1,"1":0,"2":1,"3":6,"4":6,"5":6,"6":6,"7":6,"8":6,"9":6,"10":1,"11":20,"12":6,"13":2,"14":40,"15":2,"16":6,"17":2,"18":6,"19":6,"20":0,"21":6,"22":6,"23":6,"24":2,"25":4,"26":1,"27":1,"28":0,"29":51},"f":{"0":0,"1":6,"2":1,"3":20,"4":2,"5":40,"6":2,"7":1,"8":0,"9":51},"b":{"0":[0,6],"1":[2,4],"2":[51,0],"3":[4,0]},"_coverageSchema":"1a1c01bbd47fc00a2c39e90264f33305004495a9","hash":"9d26f4d0feca0621d9471932e8c4bb3f9fd6968a"}
,"D:\\NamasteReact\\src\\components\\Cart.js": {"path":"D:\\NamasteReact\\src\\components\\Cart.js","statementMap":{"0":{"start":{"line":5,"column":13},"end":{"line":25,"column":1}},"1":{"start":{"line":6,"column":18},"end":{"line":6,"column":56}},"2":{"start":{"line":6,"column":39},"end":{"line":6,"column":55}},"3":{"start":{"line":7,"column":21},"end":{"line":7,"column":34}},"4":{"start":{"line":8,"column":28},"end":{"line":10,"column":5}},"5":{"start":{"line":9,"column":8},"end":{"line":9,"column":30}},"6":{"start":{"line":13,"column":4},"end":{"line":24,"column":6}},"7":{"start":{"line":20,"column":20},"end":{"line":20,"column":62}}},"fnMap":{"0":{"name":"(anonymous_0)","decl":{"start":{"line":5,"column":13},"end":{"line":5,"column":14}},"loc":{"start":{"line":5,"column":17},"end":{"line":25,"column":1}},"line":5},"1":{"name":"(anonymous_1)","decl":{"start":{"line":6,"column":30},"end":{"line":6,"column":31}},"loc":{"start":{"line":6,"column":39},"end":{"line":6,"column":55}},"line":6},"2":{"name":"(anonymous_2)","decl":{"start":{"line":8,"column":28},"end":{"line":8,"column":29}},"loc":{"start":{"line":8,"column":32},"end":{"line":10,"column":5}},"line":8},"3":{"name":"(anonymous_3)","decl":{"start":{"line":19,"column":27},"end":{"line":19,"column":28}},"loc":{"start":{"line":19,"column":42},"end":{"line":21,"column":17}},"line":19}},"branchMap":{"0":{"loc":{"start":{"line":17,"column":13},"end":{"line":22,"column":47}},"type":"cond-expr","locations":[{"start":{"line":18,"column":12},"end":{"line":22,"column":18}},{"start":{"line":22,"column":21},"end":{"line":22,"column":47}}],"line":17}},"s":{"0":1,"1":2,"2":4,"3":2,"4":2,"5":0,"6":2,"7":1},"f":{"0":2,"1":4,"2":0,"3":1},"b":{"0":[1,1]},"_coverageSchema":"1a1c01bbd47fc00a2c39e90264f33305004495a9","hash":"e3e85026c46cac0e68ffad27edb0948ec5ebbfc4"}
,"D:\\NamasteReact\\src\\components\\Contact.js": {"path":"D:\\NamasteReact\\src\\components\\Contact.js","statementMap":{"0":{"start":{"line":1,"column":16},"end":{"line":10,"column":1}},"1":{"start":{"line":2,"column":4},"end":{"line":9,"column":6}}},"fnMap":{"0":{"name":"(anonymous_0)","decl":{"start":{"line":1,"column":16},"end":{"line":1,"column":17}},"loc":{"start":{"line":1,"column":20},"end":{"line":10,"column":1}},"line":1}},"branchMap":{},"s":{"0":1,"1":4},"f":{"0":4},"b":{},"_coverageSchema":"1a1c01bbd47fc00a2c39e90264f33305004495a9","hash":"d864fa99afa03a2a47e7f83d69c5b0f6dbd58261"}
,"D:\\NamasteReact\\src\\components\\Header.js": {"path":"D:\\NamasteReact\\src\\components\\Header.js","statementMap":{"0":{"start":{"line":8,"column":22},"end":{"line":34,"column":1}},"1":{"start":{"line":9,"column":34},"end":{"line":9,"column":51}},"2":{"start":{"line":10,"column":25},"end":{"line":10,"column":42}},"3":{"start":{"line":11,"column":18},"end":{"line":11,"column":41}},"4":{"start":{"line":12,"column":17},"end":{"line":12,"column":57}},"5":{"start":{"line":12,"column":38},"end":{"line":12,"column":56}},"6":{"start":{"line":14,"column":4},"end":{"line":33,"column":6}},"7":{"start":{"line":27,"column":63},"end":{"line":27,"column":109}}},"fnMap":{"0":{"name":"(anonymous_0)","decl":{"start":{"line":8,"column":22},"end":{"line":8,"column":23}},"loc":{"start":{"line":8,"column":26},"end":{"line":34,"column":1}},"line":8},"1":{"name":"(anonymous_1)","decl":{"start":{"line":12,"column":29},"end":{"line":12,"column":30}},"loc":{"start":{"line":12,"column":38},"end":{"line":12,"column":56}},"line":12},"2":{"name":"(anonymous_2)","decl":{"start":{"line":27,"column":58},"end":{"line":27,"column":59}},"loc":{"start":{"line":27,"column":62},"end":{"line":27,"column":110}},"line":27}},"branchMap":{"0":{"loc":{"start":{"line":22,"column":47},"end":{"line":22,"column":81}},"type":"cond-expr","locations":[{"start":{"line":22,"column":60},"end":{"line":22,"column":69}},{"start":{"line":22,"column":70},"end":{"line":22,"column":81}}],"line":22},"1":{"loc":{"start":{"line":27,"column":74},"end":{"line":27,"column":108}},"type":"cond-expr","locations":[{"start":{"line":27,"column":92},"end":{"line":27,"column":100}},{"start":{"line":27,"column":101},"end":{"line":27,"column":108}}],"line":27}},"s":{"0":2,"1":6,"2":6,"3":6,"4":6,"5":11,"6":6,"7":1},"f":{"0":6,"1":11,"2":1},"b":{"0":[6,0],"1":[1,0]},"_coverageSchema":"1a1c01bbd47fc00a2c39e90264f33305004495a9","hash":"387f5031902ff119b9d65f45105878ab6231962b"}
,"D:\\NamasteReact\\src\\components\\IsOpenResCard.js": {"path":"D:\\NamasteReact\\src\\components\\IsOpenResCard.js","statementMap":{"0":{"start":{"line":2,"column":23},"end":{"line":11,"column":1}},"1":{"start":{"line":3,"column":4},"end":{"line":10,"column":5}},"2":{"start":{"line":4,"column":8},"end":{"line":9,"column":9}}},"fnMap":{"0":{"name":"(anonymous_0)","decl":{"start":{"line":2,"column":23},"end":{"line":2,"column":24}},"loc":{"start":{"line":2,"column":34},"end":{"line":11,"column":1}},"line":2},"1":{"name":"(anonymous_1)","decl":{"start":{"line":3,"column":11},"end":{"line":3,"column":12}},"loc":{"start":{"line":3,"column":24},"end":{"line":10,"column":5}},"line":3}},"branchMap":{},"s":{"0":2,"1":7,"2":52},"f":{"0":7,"1":52},"b":{},"_coverageSchema":"1a1c01bbd47fc00a2c39e90264f33305004495a9","hash":"23e1a1b55d4d865ca683d3aa55cfb93a6b6f61bd"}
,"D:\\NamasteReact\\src\\components\\ItemCard.js": {"path":"D:\\NamasteReact\\src\\components\\ItemCard.js","statementMap":{"0":{"start":{"line":4,"column":17},"end":{"line":25,"column":1}},"1":{"start":{"line":5,"column":21},"end":{"line":5,"column":34}},"2":{"start":{"line":6,"column":22},"end":{"line":9,"column":5}},"3":{"start":{"line":8,"column":8},"end":{"line":8,"column":32}},"4":{"start":{"line":11,"column":4},"end":{"line":24,"column":6}}},"fnMap":{"0":{"name":"(anonymous_0)","decl":{"start":{"line":4,"column":17},"end":{"line":4,"column":18}},"loc":{"start":{"line":4,"column":27},"end":{"line":25,"column":1}},"line":4},"1":{"name":"(anonymous_1)","decl":{"start":{"line":6,"column":22},"end":{"line":6,"column":23}},"loc":{"start":{"line":6,"column":26},"end":{"line":9,"column":5}},"line":6}},"branchMap":{"0":{"loc":{"start":{"line":15,"column":51},"end":{"line":15,"column":116}},"type":"binary-expr","locations":[{"start":{"line":15,"column":51},"end":{"line":15,"column":73}},{"start":{"line":15,"column":77},"end":{"line":15,"column":97}},{"start":{"line":15,"column":101},"end":{"line":15,"column":116}}],"line":15}},"s":{"0":1,"1":12,"2":12,"3":1,"4":12},"f":{"0":12,"1":1},"b":{"0":[12,0,0]},"_coverageSchema":"1a1c01bbd47fc00a2c39e90264f33305004495a9","hash":"b99c25df7d083647b99f4667d183d390a48ae09f"}
,"D:\\NamasteReact\\src\\components\\ItemList.js": {"path":"D:\\NamasteReact\\src\\components\\ItemList.js","statementMap":{"0":{"start":{"line":2,"column":17},"end":{"line":24,"column":1}},"1":{"start":{"line":5,"column":4},"end":{"line":23,"column":6}},"2":{"start":{"line":16,"column":87},"end":{"line":16,"column":156}}},"fnMap":{"0":{"name":"(anonymous_0)","decl":{"start":{"line":2,"column":17},"end":{"line":2,"column":18}},"loc":{"start":{"line":2,"column":45},"end":{"line":24,"column":1}},"line":2},"1":{"name":"(anonymous_1)","decl":{"start":{"line":16,"column":71},"end":{"line":16,"column":72}},"loc":{"start":{"line":16,"column":86},"end":{"line":16,"column":158}},"line":16}},"branchMap":{"0":{"loc":{"start":{"line":10,"column":28},"end":{"line":10,"column":41}},"type":"cond-expr","locations":[{"start":{"line":10,"column":32},"end":{"line":10,"column":36}},{"start":{"line":10,"column":37},"end":{"line":10,"column":41}}],"line":10},"1":{"loc":{"start":{"line":13,"column":16},"end":{"line":19,"column":26}},"type":"binary-expr","locations":[{"start":{"line":13,"column":17},"end":{"line":13,"column":20}},{"start":{"line":14,"column":20},"end":{"line":19,"column":26}}],"line":13},"2":{"loc":{"start":{"line":16,"column":30},"end":{"line":16,"column":159}},"type":"binary-expr","locations":[{"start":{"line":16,"column":30},"end":{"line":16,"column":45}},{"start":{"line":16,"column":50},"end":{"line":16,"column":159}}],"line":16}},"s":{"0":1,"1":0,"2":0},"f":{"0":0,"1":0},"b":{"0":[0,0],"1":[0,0],"2":[0,0]},"_coverageSchema":"1a1c01bbd47fc00a2c39e90264f33305004495a9","hash":"40c00b09833897b055738399fcc177caa1e6c66c"}
,"D:\\NamasteReact\\src\\components\\ResCard.js": {"path":"D:\\NamasteReact\\src\\components\\ResCard.js","statementMap":{"0":{"start":{"line":2,"column":16},"end":{"line":16,"column":1}},"1":{"start":{"line":4,"column":4},"end":{"line":15,"column":6}}},"fnMap":{"0":{"name":"(anonymous_0)","decl":{"start":{"line":2,"column":16},"end":{"line":2,"column":17}},"loc":{"start":{"line":2,"column":29},"end":{"line":16,"column":1}},"line":2}},"branchMap":{},"s":{"0":2,"1":53},"f":{"0":53},"b":{},"_coverageSchema":"1a1c01bbd47fc00a2c39e90264f33305004495a9","hash":"fe38d931a8bcea02594e6ccfbd9f0729c396c091"}
,"D:\\NamasteReact\\src\\components\\RestaurantDetails.js": {"path":"D:\\NamasteReact\\src\\components\\RestaurantDetails.js","statementMap":{"0":{"start":{"line":6,"column":26},"end":{"line":58,"column":1}},"1":{"start":{"line":8,"column":20},"end":{"line":8,"column":31}},"2":{"start":{"line":9,"column":26},"end":{"line":9,"column":41}},"3":{"start":{"line":10,"column":46},"end":{"line":10,"column":60}},"4":{"start":{"line":12,"column":33},"end":{"line":14,"column":5}},"5":{"start":{"line":13,"column":8},"end":{"line":13,"column":65}},"6":{"start":{"line":17,"column":20},"end":{"line":17,"column":37}},"7":{"start":{"line":19,"column":4},"end":{"line":21,"column":18}},"8":{"start":{"line":23,"column":4},"end":{"line":25,"column":5}},"9":{"start":{"line":24,"column":8},"end":{"line":24,"column":25}},"10":{"start":{"line":28,"column":4},"end":{"line":28,"column":25}},"11":{"start":{"line":29,"column":4},"end":{"line":29,"column":60}},"12":{"start":{"line":30,"column":85},"end":{"line":30,"column":120}},"13":{"start":{"line":31,"column":21},"end":{"line":31,"column":81}},"14":{"start":{"line":32,"column":22},"end":{"line":32,"column":107}},"15":{"start":{"line":33,"column":4},"end":{"line":33,"column":30}},"16":{"start":{"line":34,"column":4},"end":{"line":57,"column":6}},"17":{"start":{"line":44,"column":20},"end":{"line":51,"column":21}},"18":{"start":{"line":47,"column":156},"end":{"line":47,"column":183}}},"fnMap":{"0":{"name":"(anonymous_0)","decl":{"start":{"line":6,"column":26},"end":{"line":6,"column":27}},"loc":{"start":{"line":6,"column":30},"end":{"line":58,"column":1}},"line":6},"1":{"name":"(anonymous_1)","decl":{"start":{"line":12,"column":33},"end":{"line":12,"column":34}},"loc":{"start":{"line":12,"column":44},"end":{"line":14,"column":5}},"line":12},"2":{"name":"(anonymous_2)","decl":{"start":{"line":19,"column":14},"end":{"line":19,"column":15}},"loc":{"start":{"line":19,"column":18},"end":{"line":21,"column":5}},"line":19},"3":{"name":"(anonymous_3)","decl":{"start":{"line":43,"column":29},"end":{"line":43,"column":30}},"loc":{"start":{"line":43,"column":44},"end":{"line":52,"column":17}},"line":43},"4":{"name":"(anonymous_4)","decl":{"start":{"line":47,"column":152},"end":{"line":47,"column":153}},"loc":{"start":{"line":47,"column":156},"end":{"line":47,"column":183}},"line":47}},"branchMap":{"0":{"loc":{"start":{"line":13,"column":25},"end":{"line":13,"column":63}},"type":"cond-expr","locations":[{"start":{"line":13,"column":51},"end":{"line":13,"column":55}},{"start":{"line":13,"column":58},"end":{"line":13,"column":63}}],"line":13},"1":{"loc":{"start":{"line":23,"column":4},"end":{"line":25,"column":5}},"type":"if","locations":[{"start":{"line":23,"column":4},"end":{"line":25,"column":5}},{"start":{},"end":{}}],"line":23},"2":{"loc":{"start":{"line":47,"column":34},"end":{"line":47,"column":186}},"type":"binary-expr","locations":[{"start":{"line":47,"column":34},"end":{"line":47,"column":57}},{"start":{"line":47,"column":61},"end":{"line":47,"column":186}}],"line":47}},"s":{"0":1,"1":3,"2":3,"3":3,"4":3,"5":1,"6":3,"7":3,"8":3,"9":1,"10":2,"11":2,"12":2,"13":2,"14":2,"15":2,"16":2,"17":44,"18":1},"f":{"0":3,"1":1,"2":2,"3":44,"4":1},"b":{"0":[0,1],"1":[1,2],"2":[44,38]},"_coverageSchema":"1a1c01bbd47fc00a2c39e90264f33305004495a9","hash":"4378c1b90fe3b36df63aad4488be729cd83feb06"}
,"D:\\NamasteReact\\src\\components\\sum.js": {"path":"D:\\NamasteReact\\src\\components\\sum.js","statementMap":{"0":{"start":{"line":1,"column":19},"end":{"line":3,"column":1}},"1":{"start":{"line":2,"column":4},"end":{"line":2,"column":15}}},"fnMap":{"0":{"name":"(anonymous_0)","decl":{"start":{"line":1,"column":19},"end":{"line":1,"column":20}},"loc":{"start":{"line":1,"column":27},"end":{"line":3,"column":1}},"line":1}},"branchMap":{},"s":{"0":1,"1":1},"f":{"0":1},"b":{},"_coverageSchema":"1a1c01bbd47fc00a2c39e90264f33305004495a9","hash":"5b74be6cd622863bc9fc5b8170bad35ee252dca5"}
,"D:\\NamasteReact\\src\\store\\appStore.js": {"path":"D:\\NamasteReact\\src\\store\\appStore.js","statementMap":{"0":{"start":{"line":3,"column":0},"end":{"line":3,"column":39}},"1":{"start":{"line":4,"column":17},"end":{"line":8,"column":2}}},"fnMap":{},"branchMap":{},"s":{"0":3,"1":3},"f":{},"b":{},"_coverageSchema":"1a1c01bbd47fc00a2c39e90264f33305004495a9","hash":"625012817d31a2f30f50c33bf2db558509966e39"}
,"D:\\NamasteReact\\src\\store\\cartSlice.js": {"path":"D:\\NamasteReact\\src\\store\\cartSlice.js","statementMap":{"0":{"start":{"line":3,"column":18},"end":{"line":19,"column":2}},"1":{"start":{"line":10,"column":12},"end":{"line":10,"column":45}},"2":{"start":{"line":13,"column":12},"end":{"line":13,"column":30}},"3":{"start":{"line":16,"column":12},"end":{"line":16,"column":34}},"4":{"start":{"line":21,"column":48},"end":{"line":21,"column":65}}},"fnMap":{"0":{"name":"(anonymous_0)","decl":{"start":{"line":9,"column":17},"end":{"line":9,"column":18}},"loc":{"start":{"line":9,"column":34},"end":{"line":11,"column":9}},"line":9},"1":{"name":"(anonymous_1)","decl":{"start":{"line":12,"column":20},"end":{"line":12,"column":21}},"loc":{"start":{"line":12,"column":37},"end":{"line":14,"column":9}},"line":12},"2":{"name":"(anonymous_2)","decl":{"start":{"line":15,"column":19},"end":{"line":15,"column":20}},"loc":{"start":{"line":15,"column":36},"end":{"line":17,"column":9}},"line":15}},"branchMap":{},"s":{"0":3,"1":1,"2":0,"3":0,"4":3},"f":{"0":1,"1":0,"2":0},"b":{},"_coverageSchema":"1a1c01bbd47fc00a2c39e90264f33305004495a9","hash":"ae8131fd1c0ae7e396beb40a0952841fd1bf566a"}
}
