TN:
SF:src\components\Accordian.js
FN:5,(anonymous_0)
FN:8,(anonymous_1)
FN:24,(anonymous_2)
FN:27,(anonymous_3)
FN:27,(anonymous_4)
FNF:5
FNH:2
FNDA:38,(anonymous_0)
FNDA:0,(anonymous_1)
FNDA:11,(anonymous_2)
FNDA:0,(anonymous_3)
FNDA:0,(anonymous_4)
DA:5,1
DA:6,38
DA:8,38
DA:9,0
DA:12,38
DA:24,11
DA:27,0
LF:7
LH:5
BRDA:9,0,0,0
BRDA:9,0,1,0
BRDA:15,1,0,38
BRDA:15,1,1,4
BRDA:16,2,0,1
BRDA:16,2,1,37
BRDA:20,3,0,38
BRDA:20,3,1,1
BRDA:24,4,0,1
BRDA:24,4,1,1
BRDA:27,5,0,1
BRDA:27,5,1,0
BRF:12
BRH:9
end_of_record
TN:
SF:src\components\Body.js
FN:11,(anonymous_0)
FN:15,(anonymous_1)
FN:23,(anonymous_2)
FN:24,(anonymous_3)
FN:26,(anonymous_4)
FN:27,(anonymous_5)
FN:31,(anonymous_6)
FN:164,(anonymous_7)
FN:168,(anonymous_8)
FN:172,(anonymous_9)
FNF:10
FNH:8
FNDA:0,(anonymous_0)
FNDA:6,(anonymous_1)
FNDA:1,(anonymous_2)
FNDA:20,(anonymous_3)
FNDA:2,(anonymous_4)
FNDA:40,(anonymous_5)
FNDA:2,(anonymous_6)
FNDA:1,(anonymous_7)
FNDA:0,(anonymous_8)
FNDA:51,(anonymous_9)
DA:11,1
DA:15,1
DA:16,6
DA:17,6
DA:18,6
DA:19,6
DA:20,6
DA:21,6
DA:23,6
DA:24,20
DA:26,6
DA:27,40
DA:28,2
DA:31,6
DA:32,2
DA:148,6
DA:149,6
DA:156,6
DA:157,6
DA:158,6
DA:159,2
DA:161,4
DA:164,1
DA:168,0
DA:173,51
LF:25
LH:24
BRDA:149,0,0,0
BRDA:149,0,1,6
BRDA:158,1,0,2
BRDA:158,1,1,4
BRDA:175,2,0,51
BRDA:175,2,1,0
BRDA:178,3,0,4
BRDA:178,3,1,0
BRF:8
BRH:5
end_of_record
TN:
SF:src\components\Cart.js
FN:5,(anonymous_0)
FN:6,(anonymous_1)
FN:8,(anonymous_2)
FN:19,(anonymous_3)
FNF:4
FNH:3
FNDA:2,(anonymous_0)
FNDA:4,(anonymous_1)
FNDA:0,(anonymous_2)
FNDA:1,(anonymous_3)
DA:5,1
DA:6,4
DA:7,2
DA:8,2
DA:9,0
DA:13,2
DA:20,1
LF:7
LH:6
BRDA:17,0,0,1
BRDA:17,0,1,1
BRF:2
BRH:2
end_of_record
TN:
SF:src\components\Contact.js
FN:1,(anonymous_0)
FNF:1
FNH:1
FNDA:4,(anonymous_0)
DA:1,1
DA:2,4
LF:2
LH:2
BRF:0
BRH:0
end_of_record
TN:
SF:src\components\Header.js
FN:8,(anonymous_0)
FN:12,(anonymous_1)
FN:27,(anonymous_2)
FNF:3
FNH:3
FNDA:6,(anonymous_0)
FNDA:11,(anonymous_1)
FNDA:1,(anonymous_2)
DA:8,2
DA:9,6
DA:10,6
DA:11,6
DA:12,11
DA:14,6
DA:27,1
LF:7
LH:7
BRDA:22,0,0,6
BRDA:22,0,1,0
BRDA:27,1,0,1
BRDA:27,1,1,0
BRF:4
BRH:2
end_of_record
TN:
SF:src\components\IsOpenResCard.js
FN:2,(anonymous_0)
FN:3,(anonymous_1)
FNF:2
FNH:2
FNDA:7,(anonymous_0)
FNDA:52,(anonymous_1)
DA:2,2
DA:3,7
DA:4,52
LF:3
LH:3
BRF:0
BRH:0
end_of_record
TN:
SF:src\components\ItemCard.js
FN:4,(anonymous_0)
FN:6,(anonymous_1)
FNF:2
FNH:2
FNDA:12,(anonymous_0)
FNDA:1,(anonymous_1)
DA:4,1
DA:5,12
DA:6,12
DA:8,1
DA:11,12
LF:5
LH:5
BRDA:15,0,0,12
BRDA:15,0,1,0
BRDA:15,0,2,0
BRF:3
BRH:1
end_of_record
TN:
SF:src\components\ItemList.js
FN:2,(anonymous_0)
FN:16,(anonymous_1)
FNF:2
FNH:0
FNDA:0,(anonymous_0)
FNDA:0,(anonymous_1)
DA:2,1
DA:5,0
DA:16,0
LF:3
LH:1
BRDA:10,0,0,0
BRDA:10,0,1,0
BRDA:13,1,0,0
BRDA:13,1,1,0
BRDA:16,2,0,0
BRDA:16,2,1,0
BRF:6
BRH:0
end_of_record
TN:
SF:src\components\ResCard.js
FN:2,(anonymous_0)
FNF:1
FNH:1
FNDA:53,(anonymous_0)
DA:2,2
DA:4,53
LF:2
LH:2
BRF:0
BRH:0
end_of_record
TN:
SF:src\components\RestaurantDetails.js
FN:6,(anonymous_0)
FN:12,(anonymous_1)
FN:19,(anonymous_2)
FN:43,(anonymous_3)
FN:47,(anonymous_4)
FNF:5
FNH:5
FNDA:3,(anonymous_0)
FNDA:1,(anonymous_1)
FNDA:2,(anonymous_2)
FNDA:44,(anonymous_3)
FNDA:1,(anonymous_4)
DA:6,1
DA:8,3
DA:9,3
DA:10,3
DA:12,3
DA:13,1
DA:17,3
DA:19,3
DA:23,3
DA:24,1
DA:28,2
DA:29,2
DA:30,2
DA:31,2
DA:32,2
DA:33,2
DA:34,2
DA:44,44
DA:47,1
LF:19
LH:19
BRDA:13,0,0,0
BRDA:13,0,1,1
BRDA:23,1,0,1
BRDA:23,1,1,2
BRDA:47,2,0,44
BRDA:47,2,1,38
BRF:6
BRH:5
end_of_record
TN:
SF:src\components\sum.js
FN:1,(anonymous_0)
FNF:1
FNH:1
FNDA:1,(anonymous_0)
DA:1,1
DA:2,1
LF:2
LH:2
BRF:0
BRH:0
end_of_record
TN:
SF:src\store\appStore.js
FNF:0
FNH:0
DA:3,3
DA:4,3
LF:2
LH:2
BRF:0
BRH:0
end_of_record
TN:
SF:src\store\cartSlice.js
FN:9,(anonymous_0)
FN:12,(anonymous_1)
FN:15,(anonymous_2)
FNF:3
FNH:1
FNDA:1,(anonymous_0)
FNDA:0,(anonymous_1)
FNDA:0,(anonymous_2)
DA:3,3
DA:10,1
DA:13,0
DA:16,0
DA:21,3
LF:5
LH:3
BRF:0
BRH:0
end_of_record
